<?xml version="1.0" encoding="UTF-8"?>
<!-- Generated by org.testng.reporters.JUnitXMLReporter -->
<testsuite hostname="DESKTOP-BU8VV6E" ignored="0" name="Tool QA" tests="1" failures="0" timestamp="2019-07-23T21:42:43 CEST" time="0.128" errors="0">
  <testcase name="@BeforeTest initializeBrowser" time="0.012" classname="resourses.TestCaseTemplate">
    <failure type="java.io.FileNotFoundException" message="D:\JavaEverything\SeleniumMaster\NewCoding\End2EndProject\src\main\java\resourses\data.properties (The system cannot find the path specified)">
      <![CDATA[java.io.FileNotFoundException: D:\JavaEverything\SeleniumMaster\NewCoding\End2EndProject\src\main\java\resourses\data.properties (The system cannot find the path specified)
at java.io.FileInputStream.open0(Native Method)
at java.io.FileInputStream.open(FileInputStream.java:195)
at java.io.FileInputStream.<init>(FileInputStream.java:138)
at java.io.FileInputStream.<init>(FileInputStream.java:93)
at resourses.browserInitialization.InitializeDriver(browserInitialization.java:22)
at resourses.TestCaseTemplate.initializeBrowser(TestCaseTemplate.java:20)
... Removed 28 stack frames]]>
    </failure>
  </testcase> <!-- @BeforeTest initializeBrowser -->
  <testcase name="@AfterTest teardown" time="-1.563910963782E9" classname="resourses.TestCaseTemplate">
    <skipped/>
  </testcase> <!-- @AfterTest teardown -->
  <testcase name="CheckAllLinks" time="0.0" classname="GroupID.CheckAllLinks">
    <skipped/>
  </testcase> <!-- CheckAllLinks -->
</testsuite> <!-- Tool QA -->
